
===========================================================================
Model "Open_CASCADE_STEP_translator-10" exists. Name "Open_CASCADE_STEP_translator-_2" used instead.
===========================================================================

===========================================================================
Model "Layer_1" exists. Name "Layer_1_1_2" used instead.
===========================================================================

===========================================================================
Model "MEM_COM" exists. Name "MEM_COM_1_2" used instead.
===========================================================================

===========================================================================
Model "Open_CASCADE_STEP_transla-13215" exists. Name "Open_CASCADE_STEP_transla-132_1" used instead.
===========================================================================

===========================================================================
Model "Body_1-13232" exists. Name "Body_1-13232_1" used instead.
===========================================================================

===========================================================================
Model "PRODUCT_13248" exists. Name "PRODUCT_13248_1" used instead.
===========================================================================

===========================================================================
Model "PRODUCT_13273" exists. Name "PRODUCT_13273_1" used instead.
===========================================================================

===========================================================================
Model "PRODUCT_14098" exists. Name "PRODUCT_14098_1" used instead.
===========================================================================

===========================================================================
Model "PRODUCT_15191" exists. Name "PRODUCT_15191_1" used instead.
===========================================================================

===========================================================================
Model "U1" exists. Name "U1_1_2" used instead.
===========================================================================

===========================================================================
Model "Open_CASCADE_STEP_transla-15271" exists. Name "Open_CASCADE_STEP_transla-152_1" used instead.
===========================================================================

===========================================================================
Model "Body_1-15457" exists. Name "Body_1-15457_1" used instead.
===========================================================================

===========================================================================
Model "Pin_1-15626" exists. Name "Pin_1-15626_1" used instead.
===========================================================================

===========================================================================
Model "Pin_2-15933" exists. Name "Pin_2-15933_1" used instead.
===========================================================================

===========================================================================
Model "Pin_3-16240" exists. Name "Pin_3-16240_1" used instead.
===========================================================================

===========================================================================
Model "Pin_4-16547" exists. Name "Pin_4-16547_1" used instead.
===========================================================================

===========================================================================
Model "Pin_5-16854" exists. Name "Pin_5-16854_1" used instead.
===========================================================================

===========================================================================
Model "Pin_6-17161" exists. Name "Pin_6-17161_1" used instead.
===========================================================================

===========================================================================
Model "Pin_7-17468" exists. Name "Pin_7-17468_1" used instead.
===========================================================================

===========================================================================
Model "Pin_8-17775" exists. Name "Pin_8-17775_1" used instead.
===========================================================================

===========================================================================
Model "Pin_9-18082" exists. Name "Pin_9-18082_1" used instead.
===========================================================================

===========================================================================
Model "Pin_10-18389" exists. Name "Pin_10-18389_1" used instead.
===========================================================================

===========================================================================
Model "Pin_11-18696" exists. Name "Pin_11-18696_1" used instead.
===========================================================================

===========================================================================
Model "Pin_12-19003" exists. Name "Pin_12-19003_1" used instead.
===========================================================================

===========================================================================
Model "Pin_13-19310" exists. Name "Pin_13-19310_1" used instead.
===========================================================================

===========================================================================
Model "Pin_14-19617" exists. Name "Pin_14-19617_1" used instead.
===========================================================================

===========================================================================
Model "Pin_15-19924" exists. Name "Pin_15-19924_1" used instead.
===========================================================================

===========================================================================
Model "Pin_16" exists. Name "Pin_16_1_2" used instead.
===========================================================================

===========================================================================
Model "Pin_17" exists. Name "Pin_17_1_2" used instead.
===========================================================================

===========================================================================
Model "Pin_18" exists. Name "Pin_18_1_2" used instead.
===========================================================================

===========================================================================
Model "Pin_19" exists. Name "Pin_19_1_2" used instead.
===========================================================================

===========================================================================
Model "Pin_20" exists. Name "Pin_20_1_2" used instead.
===========================================================================

===========================================================================
Model "Pin_21" exists. Name "Pin_21_1_2" used instead.
===========================================================================

===========================================================================
Model "Pin_22" exists. Name "Pin_22_1_2" used instead.
===========================================================================

===========================================================================
Model "Pin_23" exists. Name "Pin_23_1_2" used instead.
===========================================================================

===========================================================================
Model "Pin_24" exists. Name "Pin_24_1_2" used instead.
===========================================================================

===========================================================================
Model "Pin_25" exists. Name "Pin_25_1_2" used instead.
===========================================================================

===========================================================================
Model "Pin_26" exists. Name "Pin_26_1_2" used instead.
===========================================================================

===========================================================================
Model "Pin_27" exists. Name "Pin_27_1_2" used instead.
===========================================================================

===========================================================================
Model "Pin_28" exists. Name "Pin_28_1_2" used instead.
===========================================================================

===========================================================================
Model "Pin_29" exists. Name "Pin_29_1_2" used instead.
===========================================================================

===========================================================================
Model "Pin_30" exists. Name "Pin_30_1_2" used instead.
===========================================================================

===========================================================================
Model "Pin_31" exists. Name "Pin_31_1_2" used instead.
===========================================================================

===========================================================================
Model "Pin_32" exists. Name "Pin_32_1_2" used instead.
===========================================================================

===========================================================================
Model "Pin_33" exists. Name "Pin_33_1_2" used instead.
===========================================================================

===========================================================================
Model "Pin_34" exists. Name "Pin_34_1_2" used instead.
===========================================================================

===========================================================================
Model "Pin_35" exists. Name "Pin_35_1_2" used instead.
===========================================================================

===========================================================================
Model "Pin_36" exists. Name "Pin_36_1_2" used instead.
===========================================================================

===========================================================================
Model "Pin_37" exists. Name "Pin_37_1_2" used instead.
===========================================================================

===========================================================================
Model "Pin_38" exists. Name "Pin_38_1_2" used instead.
===========================================================================

===========================================================================
Model "Pin_39" exists. Name "Pin_39_1_2" used instead.
===========================================================================

===========================================================================
Model "Pin_40" exists. Name "Pin_40_1_2" used instead.
===========================================================================

===========================================================================
Model "Pin_41" exists. Name "Pin_41_1_2" used instead.
===========================================================================

===========================================================================
Model "Pin_42" exists. Name "Pin_42_1_2" used instead.
===========================================================================

===========================================================================
Model "Pin_43" exists. Name "Pin_43_1_2" used instead.
===========================================================================

===========================================================================
Model "Pin_44" exists. Name "Pin_44_1_2" used instead.
===========================================================================

===========================================================================
Model "B9" exists. Name "B9_1_2" used instead.
===========================================================================

===========================================================================
Model "Open_CASCADE_STEP_transla-29170" exists. Name "Open_CASCADE_STEP_transla-291_1" used instead.
===========================================================================

===========================================================================
Model "Body_1-29180" exists. Name "Body_1-29180_1" used instead.
===========================================================================

===========================================================================
Model "B10" exists. Name "B10_1_2" used instead.
===========================================================================

===========================================================================
Model "Open_CASCADE_STEP_transla-29545" exists. Name "Open_CASCADE_STEP_transla-295_1" used instead.
===========================================================================

===========================================================================
Model "RV2" exists. Name "RV2_1_2" used instead.
===========================================================================

===========================================================================
Model "Open_CASCADE_STEP_transla-29596" exists. Name "Open_CASCADE_STEP_transla-295_2" used instead.
===========================================================================

===========================================================================
Model "Body_1-29622" exists. Name "Body_1-29622_1" used instead.
===========================================================================

===========================================================================
Model "Pin_1-29941" exists. Name "Pin_1-29941_1" used instead.
===========================================================================

===========================================================================
Model "Pin_2-30347" exists. Name "Pin_2-30347_1" used instead.
===========================================================================

===========================================================================
Model "Pin_3-30753" exists. Name "Pin_3-30753_1" used instead.
===========================================================================

===========================================================================
Model "Pin_4-31159" exists. Name "Pin_4-31159_1" used instead.
===========================================================================

===========================================================================
Model "BLUETOOTH" exists. Name "BLUETOOTH_1_2" used instead.
===========================================================================

===========================================================================
Model "Open_CASCADE_STEP_transla-31601" exists. Name "Open_CASCADE_STEP_transla-316_1" used instead.
===========================================================================

===========================================================================
Model "Body_1-31618" exists. Name "Body_1-31618_1" used instead.
===========================================================================

===========================================================================
Model "PRODUCT_66597" exists. Name "PRODUCT_66597_1" used instead.
===========================================================================

===========================================================================
Model "PRODUCT_66610" exists. Name "PRODUCT_66610_1" used instead.
===========================================================================

===========================================================================
Model "PRODUCT_66631" exists. Name "PRODUCT_66631_1" used instead.
===========================================================================

===========================================================================
Model "PRODUCT_66656" exists. Name "PRODUCT_66656_1" used instead.
===========================================================================

===========================================================================
Model "PRODUCT_67481" exists. Name "PRODUCT_67481_1" used instead.
===========================================================================

===========================================================================
Model "PRODUCT_68527" exists. Name "PRODUCT_68527_1" used instead.
===========================================================================

===========================================================================
Model "B0" exists. Name "B0_1_2" used instead.
===========================================================================

===========================================================================
Model "Open_CASCADE_STEP_transla-68613" exists. Name "Open_CASCADE_STEP_transla-686_1" used instead.
===========================================================================

===========================================================================
Model "Body_1-68623" exists. Name "Body_1-68623_1" used instead.
===========================================================================

===========================================================================
Model "B1" exists. Name "B1_1_2" used instead.
===========================================================================

===========================================================================
Model "Open_CASCADE_STEP_transla-71844" exists. Name "Open_CASCADE_STEP_transla-718_1" used instead.
===========================================================================

===========================================================================
Model "B8" exists. Name "B8_1_2" used instead.
===========================================================================

===========================================================================
Model "Open_CASCADE_STEP_transla-71895" exists. Name "Open_CASCADE_STEP_transla-718_2" used instead.
===========================================================================

===========================================================================
Model "B3" exists. Name "B3_1_2" used instead.
===========================================================================

===========================================================================
Model "Open_CASCADE_STEP_transla-71946" exists. Name "Open_CASCADE_STEP_transla-719_1" used instead.
===========================================================================

===========================================================================
Model "B4" exists. Name "B4_1_2" used instead.
===========================================================================

===========================================================================
Model "Open_CASCADE_STEP_transla-71997" exists. Name "Open_CASCADE_STEP_transla-719_2" used instead.
===========================================================================

===========================================================================
Model "B5" exists. Name "B5_1_2" used instead.
===========================================================================

===========================================================================
Model "Open_CASCADE_STEP_transla-72048" exists. Name "Open_CASCADE_STEP_transla-720_1" used instead.
===========================================================================

===========================================================================
Model "B6" exists. Name "B6_1_2" used instead.
===========================================================================

===========================================================================
Model "Open_CASCADE_STEP_transla-72099" exists. Name "Open_CASCADE_STEP_transla-720_2" used instead.
===========================================================================

===========================================================================
Model "B7" exists. Name "B7_1_2" used instead.
===========================================================================

===========================================================================
Model "Open_CASCADE_STEP_transla-72150" exists. Name "Open_CASCADE_STEP_transla-721_1" used instead.
===========================================================================

===========================================================================
Model "B2" exists. Name "B2_1_2" used instead.
===========================================================================

===========================================================================
Model "Open_CASCADE_STEP_transla-72201" exists. Name "Open_CASCADE_STEP_transla-722_1" used instead.
===========================================================================

===========================================================================
Model "LCD" exists. Name "LCD_1_2" used instead.
===========================================================================

===========================================================================
Model "Open_CASCADE_STEP_transla-72252" exists. Name "Open_CASCADE_STEP_transla-722_2" used instead.
===========================================================================

===========================================================================
Model "Body_1-72322" exists. Name "Body_1-72322_1" used instead.
===========================================================================

===========================================================================
Model "Pin_1-72491" exists. Name "Pin_1-72491_1" used instead.
===========================================================================

===========================================================================
Model "Pin_2-72655" exists. Name "Pin_2-72655_1" used instead.
===========================================================================

===========================================================================
Model "Pin_3-72819" exists. Name "Pin_3-72819_1" used instead.
===========================================================================

===========================================================================
Model "Pin_4-72983" exists. Name "Pin_4-72983_1" used instead.
===========================================================================

===========================================================================
Model "Pin_5-73147" exists. Name "Pin_5-73147_1" used instead.
===========================================================================

===========================================================================
Model "Pin_6-73311" exists. Name "Pin_6-73311_1" used instead.
===========================================================================

===========================================================================
Model "Pin_7-73475" exists. Name "Pin_7-73475_1" used instead.
===========================================================================

===========================================================================
Model "Pin_8-73639" exists. Name "Pin_8-73639_1" used instead.
===========================================================================

===========================================================================
Model "Pin_9-73803" exists. Name "Pin_9-73803_1" used instead.
===========================================================================

===========================================================================
Model "Pin_10-73967" exists. Name "Pin_10-73967_1" used instead.
===========================================================================

===========================================================================
Model "Pin_11-74131" exists. Name "Pin_11-74131_1" used instead.
===========================================================================

===========================================================================
Model "Pin_12-74295" exists. Name "Pin_12-74295_1" used instead.
===========================================================================

===========================================================================
Model "Pin_13-74459" exists. Name "Pin_13-74459_1" used instead.
===========================================================================

===========================================================================
Model "Pin_14-74623" exists. Name "Pin_14-74623_1" used instead.
===========================================================================

===========================================================================
Model "Pin_15-74787" exists. Name "Pin_15-74787_1" used instead.
===========================================================================

===========================================================================
Model "BUZ1" exists. Name "BUZ1_1_2" used instead.
===========================================================================

===========================================================================
Model "Open_CASCADE_STEP_transla-74987" exists. Name "Open_CASCADE_STEP_transla-749_1" used instead.
===========================================================================

===========================================================================
Model "Body_1-74997" exists. Name "Body_1-74997_1" used instead.
===========================================================================

===========================================================================
Model "U2" exists. Name "U2_1_2" used instead.
===========================================================================

===========================================================================
Model "Open_CASCADE_STEP_transla-76718" exists. Name "Open_CASCADE_STEP_transla-767_1" used instead.
===========================================================================

===========================================================================
Model "Body_1-76728" exists. Name "Body_1-76728_1" used instead.
===========================================================================

===========================================================================
Model "X1" exists. Name "X1_1_2" used instead.
===========================================================================

===========================================================================
Model "Open_CASCADE_STEP_transla-78394" exists. Name "Open_CASCADE_STEP_transla-783_1" used instead.
===========================================================================

===========================================================================
Model "Body_1-78404" exists. Name "Body_1-78404_1" used instead.
===========================================================================

===========================================================================
Model "U3" exists. Name "U3_1_2" used instead.
===========================================================================

===========================================================================
Model "Open_CASCADE_STEP_transla-82973" exists. Name "Open_CASCADE_STEP_transla-829_1" used instead.
===========================================================================

===========================================================================
Model "Body_1-82983" exists. Name "Body_1-82983_1" used instead.
===========================================================================

===========================================================================
Model "C1" exists. Name "C1_1" used instead.
===========================================================================

===========================================================================
Model "Open_CASCADE_STEP_transla-90688" exists. Name "Open_CASCADE_STEP_transla-906_1" used instead.
===========================================================================

===========================================================================
Model "Body_1-90706" exists. Name "Body_1-90706_1" used instead.
===========================================================================

===========================================================================
Model "Pin_1-90875" exists. Name "Pin_1-90875_1" used instead.
===========================================================================

===========================================================================
Model "Pin_2-91281" exists. Name "Pin_2-91281_1" used instead.
===========================================================================

===========================================================================
Model "C2" exists. Name "C2_1" used instead.
===========================================================================

===========================================================================
Model "C3" exists. Name "C3_1" used instead.
===========================================================================

===========================================================================
Model "C4" exists. Name "C4_1" used instead.
===========================================================================

===========================================================================
Model "C5" exists. Name "C5_1" used instead.
===========================================================================

===========================================================================
Model "C6" exists. Name "C6_1" used instead.
===========================================================================

===========================================================================
Model "C7" exists. Name "C7_1" used instead.
===========================================================================

===========================================================================
Model "C8" exists. Name "C8_1" used instead.
===========================================================================

===========================================================================
Model "C9" exists. Name "C9_1" used instead.
===========================================================================

===========================================================================
Model "C10" exists. Name "C10_1" used instead.
===========================================================================

===========================================================================
Model "C11" exists. Name "C11_1" used instead.
===========================================================================

===========================================================================
Model "C_DEC" exists. Name "C_DEC_1" used instead.
===========================================================================

===========================================================================
Model "C_DEC_MEM" exists. Name "C_DEC_MEM_1" used instead.
===========================================================================

===========================================================================
Model "C_DEC_SCREEN" exists. Name "C_DEC_SCREEN_1" used instead.
===========================================================================

===========================================================================
Model "C_XTAL1" exists. Name "C_XTAL1_1" used instead.
===========================================================================

===========================================================================
Model "C_XTAL2" exists. Name "C_XTAL2_1" used instead.
===========================================================================

===========================================================================
Model "Q1" exists. Name "Q1_1" used instead.
===========================================================================

===========================================================================
Model "Open_CASCADE_STEP_transla-92143" exists. Name "Open_CASCADE_STEP_transla-921_1" used instead.
===========================================================================

===========================================================================
Model "Body_1-92165" exists. Name "Body_1-92165_1" used instead.
===========================================================================

===========================================================================
Model "Pin_1-92334" exists. Name "Pin_1-92334_1" used instead.
===========================================================================

===========================================================================
Model "Pin_2-92707" exists. Name "Pin_2-92707_1" used instead.
===========================================================================

===========================================================================
Model "Pin_3-93080" exists. Name "Pin_3-93080_1" used instead.
===========================================================================

===========================================================================
Model "Q2" exists. Name "Q2_1" used instead.
===========================================================================

===========================================================================
Model "Q3" exists. Name "Q3_1" used instead.
===========================================================================

===========================================================================
Model "R1" exists. Name "R1_1" used instead.
===========================================================================

===========================================================================
Model "R2" exists. Name "R2_1" used instead.
===========================================================================

===========================================================================
Model "R3" exists. Name "R3_1" used instead.
===========================================================================

===========================================================================
Model "R4" exists. Name "R4_1" used instead.
===========================================================================

===========================================================================
Model "R5" exists. Name "R5_1" used instead.
===========================================================================

===========================================================================
Model "R6" exists. Name "R6_1" used instead.
===========================================================================

===========================================================================
Model "R7" exists. Name "R7_1" used instead.
===========================================================================

===========================================================================
Model "R8" exists. Name "R8_1" used instead.
===========================================================================

===========================================================================
Model "R9" exists. Name "R9_1" used instead.
===========================================================================

===========================================================================
Model "R10" exists. Name "R10_1" used instead.
===========================================================================

===========================================================================
Model "R11" exists. Name "R11_1" used instead.
===========================================================================

===========================================================================
Model "R12" exists. Name "R12_1" used instead.
===========================================================================

===========================================================================
Model "R13" exists. Name "R13_1" used instead.
===========================================================================

===========================================================================
Model "R14" exists. Name "R14_1" used instead.
===========================================================================

===========================================================================
Model "R15" exists. Name "R15_1" used instead.
===========================================================================

===========================================================================
Model "SW" exists. Name "SW_1_2" used instead.
===========================================================================

===========================================================================
Model "Open_CASCADE_STEP_transla-93965" exists. Name "Open_CASCADE_STEP_transla-939_1" used instead.
===========================================================================

===========================================================================
Model "Body_1-93995" exists. Name "Body_1-93995_1" used instead.
===========================================================================

===========================================================================
Model "Pin_1-94164" exists. Name "Pin_1-94164_1" used instead.
===========================================================================

===========================================================================
Model "Pin_2-94570" exists. Name "Pin_2-94570_1" used instead.
===========================================================================

===========================================================================
Model "Pin_3-94976" exists. Name "Pin_3-94976_1" used instead.
===========================================================================

===========================================================================
Model "Pin_4-95382" exists. Name "Pin_4-95382_1" used instead.
===========================================================================

===========================================================================
Model "Pin_5-95788" exists. Name "Pin_5-95788_1" used instead.
===========================================================================

===========================================================================
Model "J1" exists. Name "J1_1" used instead.
===========================================================================

===========================================================================
Model "R16" exists. Name "R16_1" used instead.
===========================================================================
